#! /usr/bin/vvp
:ivl_version "0.9.7 " "(v0_9_7)";
:vpi_time_precision + 0;
:vpi_module "system";
:vpi_module "v2005_math";
:vpi_module "va_math";
S_0xd85fc0 .scope module, "instructionmemtestbenchharness" "instructionmemtestbenchharness" 2 15;
 .timescale 0 0;
P_0xd87da8 .param/l "addresswidth" 2 16, +C4<0100000>;
P_0xd87dd0 .param/l "depth" 2 18, +C4<01010>;
P_0xd87df8 .param/l "width" 2 19, +C4<0100000>;
v0xda0b30_0 .net "PC", 31 0, v0xd8a9d0_0; 1 drivers
v0xda0c00_0 .var "begintest", 0 0;
v0xda0c80_0 .net "clk", 0 0, v0xda0450_0; 1 drivers
v0xda0d50_0 .net "dutpassed", 0 0, v0xda04f0_0; 1 drivers
v0xda0e00_0 .net "endtest", 0 0, v0xda05a0_0; 1 drivers
v0xda0eb0_0 .net "instruction", 31 0, v0xda09d0_0; 1 drivers
E_0xd77eb0 .event posedge, v0xda05a0_0;
S_0xda0720 .scope module, "instMemtest" "instMem" 2 29, 3 1, S_0xd85fc0;
 .timescale 0 0;
v0xda0850_0 .alias "PC", 31 0, v0xda0b30_0;
v0xda0920_0 .alias "clk", 0 0, v0xda0c80_0;
v0xda09d0_0 .var "instruction", 31 0;
v0xda0a80 .array "instructionMem", 0 31, 31 0;
E_0xda0570 .event posedge, v0xda0450_0;
S_0xd860b0 .scope module, "tester" "instmemtestbench" 2 37, 2 73, S_0xd85fc0;
 .timescale 0 0;
v0xd8a9d0_0 .var "PC", 31 0;
v0xda03b0_0 .net "begintest", 0 0, v0xda0c00_0; 1 drivers
v0xda0450_0 .var "clk", 0 0;
v0xda04f0_0 .var "dutpassed", 0 0;
v0xda05a0_0 .var "endtest", 0 0;
v0xda0640_0 .alias "instruction", 31 0, v0xda0eb0_0;
E_0xd884d0 .event posedge, v0xda03b0_0;
    .scope S_0xda0720;
T_0 ;
    %movi 8, 537395210, 32;
    %ix/load 3, 0, 0; address
    %ix/load 0, 32, 0; word width
    %ix/load 1, 0, 0; part off
    %assign/av v0xda0a80, 0, 8;
t_0 ;
    %movi 8, 537395211, 32;
    %ix/load 3, 4, 0; address
    %ix/load 0, 32, 0; word width
    %ix/load 1, 0, 0; part off
    %assign/av v0xda0a80, 0, 8;
t_1 ;
    %movi 8, 537395212, 32;
    %ix/load 3, 8, 0; address
    %ix/load 0, 32, 0; word width
    %ix/load 1, 0, 0; part off
    %assign/av v0xda0a80, 0, 8;
t_2 ;
    %end;
    .thread T_0;
    .scope S_0xda0720;
T_1 ;
    %wait E_0xda0570;
    %ix/getv 3, v0xda0850_0;
    %load/av 8, v0xda0a80, 32;
    %ix/load 0, 32, 0;
    %assign/v0 v0xda09d0_0, 0, 8;
    %jmp T_1;
    .thread T_1;
    .scope S_0xd860b0;
T_2 ;
    %set/v v0xd8a9d0_0, 0, 32;
    %set/v v0xda0450_0, 0, 1;
    %end;
    .thread T_2;
    .scope S_0xd860b0;
T_3 ;
    %wait E_0xd884d0;
    %set/v v0xda05a0_0, 0, 1;
    %set/v v0xda04f0_0, 1, 1;
    %delay 10, 0;
    %set/v v0xd8a9d0_0, 0, 32;
    %delay 5, 0;
    %set/v v0xda0450_0, 1, 1;
    %delay 5, 0;
    %set/v v0xda0450_0, 0, 1;
    %delay 10, 0;
    %load/v 8, v0xda0640_0, 32;
    %movi 40, 537395210, 32;
    %cmp/u 8, 40, 32;
    %inv 4, 1;
    %jmp/0xz  T_3.0, 4;
    %set/v v0xda04f0_0, 0, 1;
    %vpi_call 2 107 "$display", "Test Case 1: PC = 0 Failed";
T_3.0 ;
    %movi 8, 4, 32;
    %set/v v0xd8a9d0_0, 8, 32;
    %delay 5, 0;
    %set/v v0xda0450_0, 1, 1;
    %delay 5, 0;
    %set/v v0xda0450_0, 0, 1;
    %delay 10, 0;
    %load/v 8, v0xda0640_0, 32;
    %movi 40, 537395211, 32;
    %cmp/u 8, 40, 32;
    %inv 4, 1;
    %jmp/0xz  T_3.2, 4;
    %set/v v0xda04f0_0, 0, 1;
    %vpi_call 2 118 "$display", "Test Case 2: PC = 4 Failed";
T_3.2 ;
    %movi 8, 8, 32;
    %set/v v0xd8a9d0_0, 8, 32;
    %delay 5, 0;
    %set/v v0xda0450_0, 1, 1;
    %delay 5, 0;
    %set/v v0xda0450_0, 0, 1;
    %delay 10, 0;
    %load/v 8, v0xda0640_0, 32;
    %movi 40, 537395212, 32;
    %cmp/u 8, 40, 32;
    %inv 4, 1;
    %jmp/0xz  T_3.4, 4;
    %set/v v0xda04f0_0, 0, 1;
    %vpi_call 2 129 "$display", "Test Case 3: PC = 8 Failed";
T_3.4 ;
    %delay 5, 0;
    %set/v v0xda05a0_0, 1, 1;
    %jmp T_3;
    .thread T_3;
    .scope S_0xd85fc0;
T_4 ;
    %set/v v0xda0c00_0, 0, 1;
    %delay 10, 0;
    %set/v v0xda0c00_0, 1, 1;
    %delay 1000, 0;
    %end;
    .thread T_4;
    .scope S_0xd85fc0;
T_5 ;
    %wait E_0xd77eb0;
    %vpi_call 2 57 "$display", "Instruction Mem passed?: %b", v0xda0d50_0;
    %jmp T_5;
    .thread T_5;
# The file index is used to find the file name in the following table.
:file_names 4;
    "N/A";
    "<interactive>";
    "instructionmem.t.v";
    "./instMem.v";
